# JRE version: OpenJDK Runtime Environment (11.0.13) (build 11.0.13+0-b1751.21-8125866)
# Java VM: OpenJDK 64-Bit Server VM (11.0.13+0-b1751.21-8125866, mixed mode, tiered, compressed oops, g1 gc, windows-amd64)
Heap:
 garbage-first heap   total 230400K, used 195491K [0x0000000080000000, 0x0000000100000000)
  region size 1024K, 12 young (12288K), 2 survivors (2048K)
 Metaspace       used 126948K, capacity 130329K, committed 130384K, reserved 1163264K
  class space    used 15520K, capacity 16759K, committed 16768K, reserved 1048576K
GC Heap History (20 events):
Event: 121.061 GC heap before
{Heap before GC invocations=61 (full 0):
 garbage-first heap   total 230400K, used 191234K [0x0000000080000000, 0x0000000100000000)
  region size 1024K, 44 young (45056K), 5 survivors (5120K)
 Metaspace       used 118314K, capacity 121277K, committed 121424K, reserved 1155072K
  class space    used 14631K, capacity 15700K, committed 15744K, reserved 1048576K
}
Event: 121.070 GC heap after
{Heap after GC invocations=62 (full 0):
 garbage-first heap   total 230400K, used 161654K [0x0000000080000000, 0x0000000100000000)
  region size 1024K, 6 young (6144K), 6 survivors (6144K)
 Metaspace       used 118314K, capacity 121277K, committed 121424K, reserved 1155072K
  class space    used 14631K, capacity 15700K, committed 15744K, reserved 1048576K
}
Event: 122.364 GC heap before
{Heap before GC invocations=62 (full 0):
 garbage-first heap   total 230400K, used 191350K [0x0000000080000000, 0x0000000100000000)
  region size 1024K, 34 young (34816K), 6 survivors (6144K)
 Metaspace       used 121418K, capacity 124531K, committed 124752K, reserved 1159168K
  class space    used 14850K, capacity 15966K, committed 16000K, reserved 1048576K
}
Event: 122.371 GC heap after
{Heap after GC invocations=63 (full 0):
 garbage-first heap   total 230400K, used 163854K [0x0000000080000000, 0x0000000100000000)
  region size 1024K, 3 young (3072K), 3 survivors (3072K)
 Metaspace       used 121418K, capacity 124531K, committed 124752K, reserved 1159168K
  class space    used 14850K, capacity 15966K, committed 16000K, reserved 1048576K
}
Event: 137.125 GC heap before
{Heap before GC invocations=63 (full 0):
 garbage-first heap   total 230400K, used 191502K [0x0000000080000000, 0x0000000100000000)
  region size 1024K, 31 young (31744K), 3 survivors (3072K)
 Metaspace       used 121697K, capacity 124690K, committed 124752K, reserved 1159168K
  class space    used 14878K, capacity 15974K, committed 16000K, reserved 1048576K
}
Event: 137.129 GC heap after
{Heap after GC invocations=64 (full 0):
 garbage-first heap   total 230400K, used 163976K [0x0000000080000000, 0x0000000100000000)
  region size 1024K, 3 young (3072K), 3 survivors (3072K)
 Metaspace       used 121697K, capacity 124690K, committed 124752K, reserved 1159168K
  class space    used 14878K, capacity 15974K, committed 16000K, reserved 1048576K
}
Event: 137.311 GC heap before
{Heap before GC invocations=64 (full 0):
 garbage-first heap   total 230400K, used 192648K [0x0000000080000000, 0x0000000100000000)
  region size 1024K, 32 young (32768K), 3 survivors (3072K)
 Metaspace       used 122512K, capacity 125557K, committed 125648K, reserved 1159168K
  class space    used 14967K, capacity 16093K, committed 16128K, reserved 1048576K
}
Event: 137.317 GC heap after
{Heap after GC invocations=65 (full 0):
 garbage-first heap   total 230400K, used 165640K [0x0000000080000000, 0x0000000100000000)
  region size 1024K, 4 young (4096K), 4 survivors (4096K)
 Metaspace       used 122512K, capacity 125557K, committed 125648K, reserved 1159168K
  class space    used 14967K, capacity 16093K, committed 16128K, reserved 1048576K
}
Event: 137.628 GC heap before
{Heap before GC invocations=65 (full 0):
 garbage-first heap   total 230400K, used 195336K [0x0000000080000000, 0x0000000100000000)
  region size 1024K, 33 young (33792K), 4 survivors (4096K)
 Metaspace       used 123310K, capacity 126544K, committed 126800K, reserved 1159168K
  class space    used 15059K, capacity 16228K, committed 16256K, reserved 1048576K
}
Event: 137.636 GC heap after
{Heap after GC invocations=66 (full 0):
 garbage-first heap   total 230400K, used 171178K [0x0000000080000000, 0x0000000100000000)
  region size 1024K, 5 young (5120K), 5 survivors (5120K)
 Metaspace       used 123310K, capacity 126544K, committed 126800K, reserved 1159168K
  class space    used 15059K, capacity 16228K, committed 16256K, reserved 1048576K
}
Event: 137.971 GC heap before
{Heap before GC invocations=66 (full 0):
 garbage-first heap   total 230400K, used 197802K [0x0000000080000000, 0x0000000100000000)
  region size 1024K, 29 young (29696K), 5 survivors (5120K)
 Metaspace       used 123455K, capacity 126620K, committed 126800K, reserved 1159168K
  class space    used 15063K, capacity 16231K, committed 16256K, reserved 1048576K
}
Event: 137.980 GC heap after
{Heap after GC invocations=67 (full 0):
 garbage-first heap   total 230400K, used 180460K [0x0000000080000000, 0x0000000100000000)
  region size 1024K, 4 young (4096K), 4 survivors (4096K)
 Metaspace       used 123455K, capacity 126620K, committed 126800K, reserved 1159168K
  class space    used 15063K, capacity 16231K, committed 16256K, reserved 1048576K
}
Event: 138.206 GC heap before
{Heap before GC invocations=67 (full 0):
 garbage-first heap   total 230400K, used 195820K [0x0000000080000000, 0x0000000100000000)
  region size 1024K, 20 young (20480K), 4 survivors (4096K)
 Metaspace       used 124568K, capacity 127801K, committed 127952K, reserved 1161216K
  class space    used 15183K, capacity 16370K, committed 16384K, reserved 1048576K
}
Event: 138.211 GC heap after
{Heap after GC invocations=68 (full 0):
 garbage-first heap   total 230400K, used 183448K [0x0000000080000000, 0x0000000100000000)
  region size 1024K, 3 young (3072K), 3 survivors (3072K)
 Metaspace       used 124568K, capacity 127801K, committed 127952K, reserved 1161216K
  class space    used 15183K, capacity 16370K, committed 16384K, reserved 1048576K
}
Event: 138.454 GC heap before
{Heap before GC invocations=68 (full 0):
 garbage-first heap   total 230400K, used 196760K [0x0000000080000000, 0x0000000100000000)
  region size 1024K, 17 young (17408K), 3 survivors (3072K)
 Metaspace       used 124762K, capacity 127967K, committed 128208K, reserved 1161216K
  class space    used 15193K, capacity 16381K, committed 16384K, reserved 1048576K
}
Event: 138.458 GC heap after
{Heap after GC invocations=69 (full 0):
 garbage-first heap   total 230400K, used 184533K [0x0000000080000000, 0x0000000100000000)
  region size 1024K, 1 young (1024K), 1 survivors (1024K)
 Metaspace       used 124762K, capacity 127967K, committed 128208K, reserved 1161216K
  class space    used 15193K, capacity 16381K, committed 16384K, reserved 1048576K
}
Event: 138.845 GC heap before
{Heap before GC invocations=69 (full 0):
 garbage-first heap   total 230400K, used 201941K [0x0000000080000000, 0x0000000100000000)
  region size 1024K, 15 young (15360K), 1 survivors (1024K)
 Metaspace       used 125226K, capacity 128460K, committed 128592K, reserved 1161216K
  class space    used 15260K, capacity 16454K, committed 16512K, reserved 1048576K
}
Event: 138.849 GC heap after
{Heap after GC invocations=70 (full 0):
 garbage-first heap   total 230400K, used 185276K [0x0000000080000000, 0x0000000100000000)
  region size 1024K, 2 young (2048K), 2 survivors (2048K)
 Metaspace       used 125226K, capacity 128460K, committed 128592K, reserved 1161216K
  class space    used 15260K, capacity 16454K, committed 16512K, reserved 1048576K
}
Event: 138.928 GC heap before
{Heap before GC invocations=70 (full 0):
 garbage-first heap   total 230400K, used 198588K [0x0000000080000000, 0x0000000100000000)
  region size 1024K, 16 young (16384K), 2 survivors (2048K)
 Metaspace       used 125836K, capacity 129171K, committed 129488K, reserved 1163264K
  class space    used 15357K, capacity 16559K, committed 16640K, reserved 1048576K
}
Event: 138.932 GC heap after
{Heap after GC invocations=71 (full 0):
 garbage-first heap   total 230400K, used 187299K [0x0000000080000000, 0x0000000100000000)
  region size 1024K, 2 young (2048K), 2 survivors (2048K)
 Metaspace       used 125836K, capacity 129171K, committed 129488K, reserved 1163264K
  class space    used 15357K, capacity 16559K, committed 16640K, reserved 1048576K
}

