# JRE version: OpenJDK Runtime Environment (11.0.13) (build 11.0.13+0-b1751.21-8125866)
# Java VM: OpenJDK 64-Bit Server VM (11.0.13+0-b1751.21-8125866, mixed mode, tiered, compressed oops, g1 gc, windows-amd64)
Heap:
 garbage-first heap   total 207872K, used 61440K [0x0000000081c00000, 0x0000000100000000)
  region size 1024K, 3 young (3072K), 3 survivors (3072K)
 Metaspace       used 74082K, capacity 75050K, committed 75216K, reserved 1116160K
  class space    used 8343K, capacity 8722K, committed 8832K, reserved 1048576K
GC Heap History (19 events):
Event: 1.272 GC heap before
{Heap before GC invocations=0 (full 0):
 garbage-first heap   total 131072K, used 27648K [0x0000000081c00000, 0x0000000100000000)
  region size 1024K, 24 young (24576K), 0 survivors (0K)
 Metaspace       used 12513K, capacity 12631K, committed 12800K, reserved 1060864K
  class space    used 1132K, capacity 1184K, committed 1280K, reserved 1048576K
}
Event: 1.277 GC heap after
{Heap after GC invocations=1 (full 0):
 garbage-first heap   total 131072K, used 6406K [0x0000000081c00000, 0x0000000100000000)
  region size 1024K, 3 young (3072K), 3 survivors (3072K)
 Metaspace       used 12513K, capacity 12631K, committed 12800K, reserved 1060864K
  class space    used 1132K, capacity 1184K, committed 1280K, reserved 1048576K
}
Event: 2.009 GC heap before
{Heap before GC invocations=1 (full 0):
 garbage-first heap   total 131072K, used 43270K [0x0000000081c00000, 0x0000000100000000)
  region size 1024K, 40 young (40960K), 3 survivors (3072K)
 Metaspace       used 20843K, capacity 21122K, committed 21296K, reserved 1069056K
  class space    used 2244K, capacity 2340K, committed 2432K, reserved 1048576K
}
Event: 2.016 GC heap after
{Heap after GC invocations=2 (full 0):
 garbage-first heap   total 131072K, used 9861K [0x0000000081c00000, 0x0000000100000000)
  region size 1024K, 7 young (7168K), 7 survivors (7168K)
 Metaspace       used 20843K, capacity 21122K, committed 21296K, reserved 1069056K
  class space    used 2244K, capacity 2340K, committed 2432K, reserved 1048576K
}
Event: 4.340 GC heap before
{Heap before GC invocations=3 (full 0):
 garbage-first heap   total 131072K, used 63109K [0x0000000081c00000, 0x0000000100000000)
  region size 1024K, 54 young (55296K), 7 survivors (7168K)
 Metaspace       used 31597K, capacity 32075K, committed 32432K, reserved 1077248K
  class space    used 3773K, capacity 3969K, committed 4096K, reserved 1048576K
}
Event: 4.355 GC heap after
{Heap after GC invocations=4 (full 0):
 garbage-first heap   total 131072K, used 20679K [0x0000000081c00000, 0x0000000100000000)
  region size 1024K, 7 young (7168K), 7 survivors (7168K)
 Metaspace       used 31597K, capacity 32075K, committed 32432K, reserved 1077248K
  class space    used 3773K, capacity 3969K, committed 4096K, reserved 1048576K
}
Event: 4.999 GC heap before
{Heap before GC invocations=4 (full 0):
 garbage-first heap   total 131072K, used 36039K [0x0000000081c00000, 0x0000000100000000)
  region size 1024K, 23 young (23552K), 7 survivors (7168K)
 Metaspace       used 35285K, capacity 35771K, committed 35920K, reserved 1081344K
  class space    used 4373K, capacity 4580K, committed 4608K, reserved 1048576K
}
Event: 5.015 GC heap after
{Heap after GC invocations=5 (full 0):
 garbage-first heap   total 131072K, used 22896K [0x0000000081c00000, 0x0000000100000000)
  region size 1024K, 6 young (6144K), 6 survivors (6144K)
 Metaspace       used 35285K, capacity 35771K, committed 35920K, reserved 1081344K
  class space    used 4373K, capacity 4580K, committed 4608K, reserved 1048576K
}
Event: 5.805 GC heap before
{Heap before GC invocations=6 (full 0):
 garbage-first heap   total 131072K, used 70000K [0x0000000081c00000, 0x0000000100000000)
  region size 1024K, 52 young (53248K), 6 survivors (6144K)
 Metaspace       used 44186K, capacity 44736K, committed 45008K, reserved 1089536K
  class space    used 5272K, capacity 5496K, committed 5504K, reserved 1048576K
}
Event: 5.817 GC heap after
{Heap after GC invocations=7 (full 0):
 garbage-first heap   total 131072K, used 25956K [0x0000000081c00000, 0x0000000100000000)
  region size 1024K, 7 young (7168K), 7 survivors (7168K)
 Metaspace       used 44186K, capacity 44736K, committed 45008K, reserved 1089536K
  class space    used 5272K, capacity 5496K, committed 5504K, reserved 1048576K
}
Event: 6.918 GC heap before
{Heap before GC invocations=7 (full 0):
 garbage-first heap   total 131072K, used 77156K [0x0000000081c00000, 0x0000000100000000)
  region size 1024K, 55 young (56320K), 7 survivors (7168K)
 Metaspace       used 51004K, capacity 51660K, committed 51920K, reserved 1095680K
  class space    used 5952K, capacity 6221K, committed 6272K, reserved 1048576K
}
Event: 6.933 GC heap after
{Heap after GC invocations=8 (full 0):
 garbage-first heap   total 157696K, used 36793K [0x0000000081c00000, 0x0000000100000000)
  region size 1024K, 7 young (7168K), 7 survivors (7168K)
 Metaspace       used 51004K, capacity 51660K, committed 51920K, reserved 1095680K
  class space    used 5952K, capacity 6221K, committed 6272K, reserved 1048576K
}
Event: 7.862 GC heap before
{Heap before GC invocations=8 (full 0):
 garbage-first heap   total 157696K, used 94137K [0x0000000081c00000, 0x0000000100000000)
  region size 1024K, 62 young (63488K), 7 survivors (7168K)
 Metaspace       used 54671K, capacity 55364K, committed 55632K, reserved 1097728K
  class space    used 6269K, capacity 6560K, committed 6656K, reserved 1048576K
}
Event: 7.898 GC heap after
{Heap after GC invocations=9 (full 0):
 garbage-first heap   total 157696K, used 44864K [0x0000000081c00000, 0x0000000100000000)
  region size 1024K, 7 young (7168K), 7 survivors (7168K)
 Metaspace       used 54671K, capacity 55364K, committed 55632K, reserved 1097728K
  class space    used 6269K, capacity 6560K, committed 6656K, reserved 1048576K
}
Event: 9.186 GC heap before
{Heap before GC invocations=9 (full 0):
 garbage-first heap   total 157696K, used 98112K [0x0000000081c00000, 0x0000000100000000)
  region size 1024K, 60 young (61440K), 7 survivors (7168K)
 Metaspace       used 59437K, capacity 60152K, committed 60240K, reserved 1101824K
  class space    used 6833K, capacity 7133K, committed 7168K, reserved 1048576K
}
Event: 9.213 GC heap after
{Heap after GC invocations=10 (full 0):
 garbage-first heap   total 157696K, used 51915K [0x0000000081c00000, 0x0000000100000000)
  region size 1024K, 7 young (7168K), 7 survivors (7168K)
 Metaspace       used 59437K, capacity 60152K, committed 60240K, reserved 1101824K
  class space    used 6833K, capacity 7133K, committed 7168K, reserved 1048576K
}
Event: 10.690 GC heap before
{Heap before GC invocations=11 (full 0):
 garbage-first heap   total 157696K, used 107211K [0x0000000081c00000, 0x0000000100000000)
  region size 1024K, 61 young (62464K), 7 survivors (7168K)
 Metaspace       used 67056K, capacity 67948K, committed 68304K, reserved 1110016K
  class space    used 7603K, capacity 7953K, committed 8064K, reserved 1048576K
}
Event: 10.755 GC heap after
{Heap after GC invocations=12 (full 0):
 garbage-first heap   total 157696K, used 58612K [0x0000000081c00000, 0x0000000100000000)
  region size 1024K, 7 young (7168K), 7 survivors (7168K)
 Metaspace       used 67056K, capacity 67948K, committed 68304K, reserved 1110016K
  class space    used 7603K, capacity 7953K, committed 8064K, reserved 1048576K
}
Event: 13.838 GC heap before
{Heap before GC invocations=13 (full 0):
 garbage-first heap   total 157696K, used 112884K [0x0000000081c00000, 0x0000000100000000)
  region size 1024K, 60 young (61440K), 7 survivors (7168K)
 Metaspace       used 74082K, capacity 75050K, committed 75216K, reserved 1116160K
  class space    used 8343K, capacity 8722K, committed 8832K, reserved 1048576K
}

