# JRE version: OpenJDK Runtime Environment (11.0.13) (build 11.0.13+0-b1751.21-8125866)
# Java VM: OpenJDK 64-Bit Server VM (11.0.13+0-b1751.21-8125866, mixed mode, tiered, compressed oops, g1 gc, windows-amd64)
Heap:
 garbage-first heap   total 394240K, used 135511K [0x0000000080000000, 0x0000000100000000)
  region size 1024K, 5 young (5120K), 5 survivors (5120K)
 Metaspace       used 115312K, capacity 119652K, committed 119708K, reserved 1153024K
  class space    used 15311K, capacity 17056K, committed 17100K, reserved 1048576K
GC Heap History (20 events):
Event: 18.542 GC heap after
{Heap after GC invocations=37 (full 0):
 garbage-first heap   total 157696K, used 102946K [0x0000000080000000, 0x0000000100000000)
  region size 1024K, 1 young (1024K), 1 survivors (1024K)
 Metaspace       used 94287K, capacity 96489K, committed 97052K, reserved 1132544K
  class space    used 12102K, capacity 12886K, committed 13132K, reserved 1048576K
}
Event: 18.634 GC heap before
{Heap before GC invocations=37 (full 0):
 garbage-first heap   total 157696K, used 132642K [0x0000000080000000, 0x0000000100000000)
  region size 1024K, 31 young (31744K), 1 survivors (1024K)
 Metaspace       used 94297K, capacity 96493K, committed 97052K, reserved 1132544K
  class space    used 12102K, capacity 12886K, committed 13132K, reserved 1048576K
}
Event: 18.639 GC heap after
{Heap after GC invocations=38 (full 0):
 garbage-first heap   total 157696K, used 104939K [0x0000000080000000, 0x0000000100000000)
  region size 1024K, 3 young (3072K), 3 survivors (3072K)
 Metaspace       used 94297K, capacity 96493K, committed 97052K, reserved 1132544K
  class space    used 12102K, capacity 12886K, committed 13132K, reserved 1048576K
}
Event: 18.749 GC heap before
{Heap before GC invocations=38 (full 0):
 garbage-first heap   total 157696K, used 132587K [0x0000000080000000, 0x0000000100000000)
  region size 1024K, 31 young (31744K), 3 survivors (3072K)
 Metaspace       used 94335K, capacity 96499K, committed 97052K, reserved 1132544K
  class space    used 12104K, capacity 12887K, committed 13132K, reserved 1048576K
}
Event: 18.755 GC heap after
{Heap after GC invocations=39 (full 0):
 garbage-first heap   total 189440K, used 106824K [0x0000000080000000, 0x0000000100000000)
  region size 1024K, 3 young (3072K), 3 survivors (3072K)
 Metaspace       used 94335K, capacity 96499K, committed 97052K, reserved 1132544K
  class space    used 12104K, capacity 12887K, committed 13132K, reserved 1048576K
}
Event: 19.781 GC heap before
{Heap before GC invocations=40 (full 0):
 garbage-first heap   total 189440K, used 154952K [0x0000000080000000, 0x0000000100000000)
  region size 1024K, 47 young (48128K), 3 survivors (3072K)
 Metaspace       used 99550K, capacity 102057K, committed 102300K, reserved 1138688K
  class space    used 12793K, capacity 13684K, committed 13772K, reserved 1048576K
}
Event: 19.788 GC heap after
{Heap after GC invocations=41 (full 0):
 garbage-first heap   total 189440K, used 111928K [0x0000000080000000, 0x0000000100000000)
  region size 1024K, 6 young (6144K), 6 survivors (6144K)
 Metaspace       used 99550K, capacity 102057K, committed 102300K, reserved 1138688K
  class space    used 12793K, capacity 13684K, committed 13772K, reserved 1048576K
}
Event: 20.029 GC heap before
{Heap before GC invocations=41 (full 0):
 garbage-first heap   total 189440K, used 153912K [0x0000000080000000, 0x0000000100000000)
  region size 1024K, 48 young (49152K), 6 survivors (6144K)
 Metaspace       used 102474K, capacity 105297K, committed 105500K, reserved 1140736K
  class space    used 13279K, capacity 14345K, committed 14412K, reserved 1048576K
}
Event: 20.045 GC heap after
{Heap after GC invocations=42 (full 0):
 garbage-first heap   total 189440K, used 123775K [0x0000000080000000, 0x0000000100000000)
  region size 1024K, 6 young (6144K), 6 survivors (6144K)
 Metaspace       used 102474K, capacity 105297K, committed 105500K, reserved 1140736K
  class space    used 13279K, capacity 14345K, committed 14412K, reserved 1048576K
}
Event: 20.592 GC heap before
{Heap before GC invocations=42 (full 0):
 garbage-first heap   total 189440K, used 154495K [0x0000000080000000, 0x0000000100000000)
  region size 1024K, 37 young (37888K), 6 survivors (6144K)
 Metaspace       used 106900K, capacity 110478K, committed 110620K, reserved 1144832K
  class space    used 14183K, capacity 15613K, committed 15692K, reserved 1048576K
}
Event: 20.613 GC heap after
{Heap after GC invocations=43 (full 0):
 garbage-first heap   total 189440K, used 127147K [0x0000000080000000, 0x0000000100000000)
  region size 1024K, 3 young (3072K), 3 survivors (3072K)
 Metaspace       used 106900K, capacity 110478K, committed 110620K, reserved 1144832K
  class space    used 14183K, capacity 15613K, committed 15692K, reserved 1048576K
}
Event: 20.954 GC heap before
{Heap before GC invocations=43 (full 0):
 garbage-first heap   total 189440K, used 157867K [0x0000000080000000, 0x0000000100000000)
  region size 1024K, 33 young (33792K), 3 survivors (3072K)
 Metaspace       used 107840K, capacity 111479K, committed 111772K, reserved 1144832K
  class space    used 14322K, capacity 15773K, committed 15820K, reserved 1048576K
}
Event: 20.995 GC heap after
{Heap after GC invocations=44 (full 0):
 garbage-first heap   total 264192K, used 129724K [0x0000000080000000, 0x0000000100000000)
  region size 1024K, 5 young (5120K), 5 survivors (5120K)
 Metaspace       used 107840K, capacity 111479K, committed 111772K, reserved 1144832K
  class space    used 14322K, capacity 15773K, committed 15820K, reserved 1048576K
}
Event: 21.488 GC heap before
{Heap before GC invocations=44 (full 0):
 garbage-first heap   total 264192K, used 189116K [0x0000000080000000, 0x0000000100000000)
  region size 1024K, 63 young (64512K), 5 survivors (5120K)
 Metaspace       used 108935K, capacity 112607K, committed 112668K, reserved 1146880K
  class space    used 14445K, capacity 15929K, committed 15948K, reserved 1048576K
}
Event: 21.503 GC heap after
{Heap after GC invocations=45 (full 0):
 garbage-first heap   total 264192K, used 129178K [0x0000000080000000, 0x0000000100000000)
  region size 1024K, 3 young (3072K), 3 survivors (3072K)
 Metaspace       used 108935K, capacity 112607K, committed 112668K, reserved 1146880K
  class space    used 14445K, capacity 15929K, committed 15948K, reserved 1048576K
}
Event: 21.911 GC heap before
{Heap before GC invocations=45 (full 0):
 garbage-first heap   total 264192K, used 192666K [0x0000000080000000, 0x0000000100000000)
  region size 1024K, 66 young (67584K), 3 survivors (3072K)
 Metaspace       used 109895K, capacity 113815K, committed 113948K, reserved 1146880K
  class space    used 14586K, capacity 16137K, committed 16204K, reserved 1048576K
}
Event: 21.921 GC heap after
{Heap after GC invocations=46 (full 0):
 garbage-first heap   total 264192K, used 130224K [0x0000000080000000, 0x0000000100000000)
  region size 1024K, 4 young (4096K), 4 survivors (4096K)
 Metaspace       used 109895K, capacity 113815K, committed 113948K, reserved 1146880K
  class space    used 14586K, capacity 16137K, committed 16204K, reserved 1048576K
}
Event: 22.906 GC heap before
{Heap before GC invocations=46 (full 0):
 garbage-first heap   total 264192K, used 204976K [0x0000000080000000, 0x0000000100000000)
  region size 1024K, 76 young (77824K), 4 survivors (4096K)
 Metaspace       used 111881K, capacity 116005K, committed 116124K, reserved 1148928K
  class space    used 14879K, capacity 16521K, committed 16588K, reserved 1048576K
}
Event: 22.921 GC heap after
{Heap after GC invocations=47 (full 0):
 garbage-first heap   total 264192K, used 134726K [0x0000000080000000, 0x0000000100000000)
  region size 1024K, 8 young (8192K), 8 survivors (8192K)
 Metaspace       used 111881K, capacity 116005K, committed 116124K, reserved 1148928K
  class space    used 14879K, capacity 16521K, committed 16588K, reserved 1048576K
}
Event: 24.964 GC heap before
{Heap before GC invocations=47 (full 0):
 garbage-first heap   total 264192K, used 228934K [0x0000000080000000, 0x0000000100000000)
  region size 1024K, 79 young (80896K), 8 survivors (8192K)
 Metaspace       used 115312K, capacity 119652K, committed 119708K, reserved 1153024K
  class space    used 15311K, capacity 17056K, committed 17100K, reserved 1048576K
}

