# JRE version: OpenJDK Runtime Environment (11.0.13) (build 11.0.13+0-b1751.21-8125866)
# Java VM: OpenJDK 64-Bit Server VM (11.0.13+0-b1751.21-8125866, mixed mode, tiered, compressed oops, g1 gc, windows-amd64)
Heap:
 garbage-first heap   total 131072K, used 37772K [0x0000000081c00000, 0x0000000100000000)
  region size 1024K, 24 young (24576K), 7 survivors (7168K)
 Metaspace       used 38419K, capacity 38867K, committed 38960K, reserved 1083392K
  class space    used 4682K, capacity 4862K, committed 4912K, reserved 1048576K
GC Heap History (8 events):
Event: 0.512 GC heap before
{Heap before GC invocations=0 (full 0):
 garbage-first heap   total 131072K, used 27648K [0x0000000081c00000, 0x0000000100000000)
  region size 1024K, 24 young (24576K), 0 survivors (0K)
 Metaspace       used 12531K, capacity 12631K, committed 12800K, reserved 1060864K
  class space    used 1133K, capacity 1184K, committed 1280K, reserved 1048576K
}
Event: 0.516 GC heap after
{Heap after GC invocations=1 (full 0):
 garbage-first heap   total 131072K, used 6406K [0x0000000081c00000, 0x0000000100000000)
  region size 1024K, 3 young (3072K), 3 survivors (3072K)
 Metaspace       used 12531K, capacity 12631K, committed 12800K, reserved 1060864K
  class space    used 1133K, capacity 1184K, committed 1280K, reserved 1048576K
}
Event: 1.039 GC heap before
{Heap before GC invocations=1 (full 0):
 garbage-first heap   total 131072K, used 43270K [0x0000000081c00000, 0x0000000100000000)
  region size 1024K, 40 young (40960K), 3 survivors (3072K)
 Metaspace       used 21044K, capacity 21205K, committed 21296K, reserved 1069056K
  class space    used 2217K, capacity 2307K, committed 2352K, reserved 1048576K
}
Event: 1.049 GC heap after
{Heap after GC invocations=2 (full 0):
 garbage-first heap   total 131072K, used 9855K [0x0000000081c00000, 0x0000000100000000)
  region size 1024K, 7 young (7168K), 7 survivors (7168K)
 Metaspace       used 21044K, capacity 21205K, committed 21296K, reserved 1069056K
  class space    used 2217K, capacity 2307K, committed 2352K, reserved 1048576K
}
Event: 1.722 GC heap before
{Heap before GC invocations=3 (full 0):
 garbage-first heap   total 131072K, used 63103K [0x0000000081c00000, 0x0000000100000000)
  region size 1024K, 54 young (55296K), 7 survivors (7168K)
 Metaspace       used 31866K, capacity 32293K, committed 32432K, reserved 1077248K
  class space    used 3963K, capacity 4145K, committed 4272K, reserved 1048576K
}
Event: 1.736 GC heap after
{Heap after GC invocations=4 (full 0):
 garbage-first heap   total 131072K, used 20944K [0x0000000081c00000, 0x0000000100000000)
  region size 1024K, 7 young (7168K), 7 survivors (7168K)
 Metaspace       used 31866K, capacity 32293K, committed 32432K, reserved 1077248K
  class space    used 3963K, capacity 4145K, committed 4272K, reserved 1048576K
}
Event: 1.959 GC heap before
{Heap before GC invocations=4 (full 0):
 garbage-first heap   total 131072K, used 38352K [0x0000000081c00000, 0x0000000100000000)
  region size 1024K, 25 young (25600K), 7 survivors (7168K)
 Metaspace       used 35335K, capacity 35765K, committed 35888K, reserved 1081344K
  class space    used 4354K, capacity 4535K, committed 4656K, reserved 1048576K
}
Event: 1.968 GC heap after
{Heap after GC invocations=5 (full 0):
 garbage-first heap   total 131072K, used 21388K [0x0000000081c00000, 0x0000000100000000)
  region size 1024K, 7 young (7168K), 7 survivors (7168K)
 Metaspace       used 35335K, capacity 35765K, committed 35888K, reserved 1081344K
  class space    used 4354K, capacity 4535K, committed 4656K, reserved 1048576K
}

